<?xml version="1.0" encoding="UTF-8" ?>
<testsuite tests="10" failures="0" name="SearchTests" time="0.024" errors="0" skipped="0">
  <properties>
[...]
</properties>
  <testcase classname="SearchTests" name="testExponentialSearch" time="0.016"/>
  <testcase classname="SearchTests" name="testExponentialSearchZeroElement" time="0"/>
  <testcase classname="SearchTests" name="testExponentialSearchLargeArray" time="0.005"/>
  <testcase classname="SearchTests" name="testExponentialSearchNegativeElements" time="0.001"/>
  <testcase classname="SearchTests" name="testExponentialSearchFound" time="0"/>
  <testcase classname="SearchTests" name="testExponentialSearchDuplicateElements" time="0"/>
  <testcase classname="SearchTests" name="testExponentialSearchFirstElement" time="0"/>
  <testcase classname="SearchTests" name="testExponentialSearchEmptyArray" time="0"/>
  <testcase classname="SearchTests" name="testExponentialSearchNotFound" time="0"/>
  <testcase classname="SearchTests" name="testExponentialSearchLastElement" time="0.002"/>
</testsuite>